0 verbose cli /usr/local/bin/node /usr/local/bin/npm
1 info using npm@10.4.0
2 info using node@v20.11.0
3 timing npm:load:whichnode Completed in 7ms
4 timing config:load:defaults Completed in 3ms
5 timing config:load:file:/usr/local/lib/node_modules/npm/npmrc Completed in 6ms
6 timing config:load:builtin Completed in 6ms
7 timing config:load:cli Completed in 2ms
8 timing config:load:env Completed in 0ms
9 timing config:load:project Completed in 1ms
10 timing config:load:file:/home/container/.npmrc Completed in 0ms
11 timing config:load:user Completed in 0ms
12 timing config:load:file:/usr/local/etc/npmrc Completed in 1ms
13 timing config:load:global Completed in 1ms
14 timing config:load:setEnvs Completed in 1ms
15 timing config:load Completed in 15ms
16 timing npm:load:configload Completed in 15ms
17 timing config:load:flatten Completed in 2ms
18 timing npm:load:mkdirpcache Completed in 0ms
19 timing npm:load:mkdirplogs Completed in 1ms
20 verbose title npm install
21 verbose argv "install"
22 timing npm:load:setTitle Completed in 0ms
23 timing npm:load:display Completed in 1ms
24 verbose logfile logs-max:10 dir:/home/container/.npm/_logs/2024-02-03T15_05_10_918Z-
25 verbose logfile /home/container/.npm/_logs/2024-02-03T15_05_10_918Z-debug-0.log
26 timing npm:load:logFile Completed in 8ms
27 timing npm:load:timers Completed in 0ms
28 timing npm:load:configScope Completed in 0ms
29 timing npm:load Completed in 54ms
30 timing arborist:ctor Completed in 1ms
31 silly logfile done cleaning log files
32 timing idealTree:init Completed in 118ms
33 timing idealTree:userRequests Completed in 0ms
34 silly idealTree buildDeps
35 timing idealTree:#root Completed in 0ms
36 timing idealTree:buildDeps Completed in 2ms
37 timing idealTree:fixDepFlags Completed in 0ms
38 timing idealTree Completed in 124ms
39 timing reify:loadTrees Completed in 128ms
40 timing reify:diffTrees Completed in 3ms
41 silly reify moves {}
42 timing reify:retireShallow Completed in 2ms
43 timing reify:createSparse Completed in 53ms
44 timing reify:loadBundles Completed in 0ms
45 silly audit bulk request {
45 silly audit   '@discordjs/builders': [ '1.7.0' ],
45 silly audit   '@discordjs/collection': [ '1.5.3', '2.0.0' ],
45 silly audit   '@discordjs/formatters': [ '0.3.3' ],
45 silly audit   '@discordjs/rest': [ '2.2.0' ],
45 silly audit   '@discordjs/util': [ '1.0.2' ],
45 silly audit   '@discordjs/ws': [ '1.0.2' ],
45 silly audit   '@fastify/busboy': [ '2.1.0' ],
45 silly audit   '@kreisler/js-google-translate-free': [ '2.1.0' ],
45 silly audit   '@mongodb-js/saslprep': [ '1.1.1' ],
45 silly audit   '@sapphire/async-queue': [ '1.5.1' ],
45 silly audit   '@sapphire/shapeshift': [ '3.9.5' ],
45 silly audit   '@sapphire/snowflake': [ '3.5.1' ],
45 silly audit   '@types/node': [ '20.10.5' ],
45 silly audit   '@types/webidl-conversions': [ '7.0.3' ],
45 silly audit   '@types/whatwg-url': [ '8.2.2' ],
45 silly audit   '@types/ws': [ '8.5.9' ],
45 silly audit   '@vladfrangu/async_event_emitter': [ '2.2.4' ],
45 silly audit   'agent-base': [ '7.1.0' ],
45 silly audit   'aki-api': [ '6.0.9' ],
45 silly audit   'ascii-table': [ '0.0.9' ],
45 silly audit   asynckit: [ '0.4.0' ],
45 silly audit   axios: [ '1.4.0', '0.27.2' ],
45 silly audit   bluebird: [ '3.7.2' ],
45 silly audit   bson: [ '6.2.0' ],
45 silly audit   'combined-stream': [ '1.0.8' ],
45 silly audit   'cross-env': [ '6.0.3' ],
45 silly audit   'cross-spawn': [ '7.0.3' ],
45 silly audit   csvtojson: [ '2.0.10' ],
45 silly audit   debug: [ '4.3.4' ],
45 silly audit   ms: [ '2.1.2', '2.1.3' ],
45 silly audit   'delayed-stream': [ '1.0.0' ],
45 silly audit   'discord-api-types': [ '0.37.61' ],
45 silly audit   'discord.js': [ '14.14.1' ],
45 silly audit   'discord.js-akinator': [ '4.1.3' ],
45 silly audit   'fast-deep-equal': [ '3.1.3' ],
45 silly audit   'follow-redirects': [ '1.15.3' ],
45 silly audit   'form-data': [ '4.0.0' ],
45 silly audit   'https-proxy-agent': [ '6.2.1' ],
45 silly audit   'is-utf8': [ '0.2.1' ],
45 silly audit   isexe: [ '2.0.0' ],
45 silly audit   kareem: [ '2.5.1' ],
45 silly audit   lodash: [ '4.17.21' ],
45 silly audit   'lodash.snakecase': [ '4.1.1' ],
45 silly audit   'magic-bytes.js': [ '1.7.0' ],
45 silly audit   'memory-pager': [ '1.5.0' ],
45 silly audit   'mime-db': [ '1.52.0' ],
45 silly audit   'mime-types': [ '2.1.35' ],
45 silly audit   mongodb: [ '6.2.0' ],
45 silly audit   'mongodb-connection-string-url': [ '2.6.0' ],
45 silly audit   mongoose: [ '8.0.3' ],
45 silly audit   mpath: [ '0.9.0' ],
45 silly audit   mquery: [ '5.0.0' ],
45 silly audit   node_extra_ca_certs_mozilla_bundle: [ '1.0.5' ],
45 silly audit   'path-key': [ '3.1.1' ],
45 silly audit   'proxy-from-env': [ '1.1.0' ],
45 silly audit   punycode: [ '2.3.1' ],
45 silly audit   'samp-query': [ '0.1.5' ],
45 silly audit   'shebang-command': [ '2.0.0' ],
45 silly audit   'shebang-regex': [ '3.0.0' ],
45 silly audit   sift: [ '16.0.1' ],
45 silly audit   'sparse-bitfield': [ '3.0.3' ],
45 silly audit   'strip-bom': [ '2.0.0' ],
45 silly audit   tr46: [ '3.0.0' ],
45 silly audit   'ts-mixer': [ '6.0.3' ],
45 silly audit   tslib: [ '2.6.2' ],
45 silly audit   undici: [ '5.27.2' ],
45 silly audit   'undici-types': [ '5.26.5' ],
45 silly audit   'webidl-conversions': [ '7.0.0' ],
45 silly audit   'whatwg-url': [ '11.0.0' ],
45 silly audit   which: [ '2.0.2' ],
45 silly audit   ws: [ '8.14.2' ]
45 silly audit }
46 http fetch GET 200 https://registry.npmjs.org/npm 440ms
47 silly tarball no local data for ws@https://registry.npmjs.org/ws/-/ws-8.14.2.tgz. Extracting by manifest.
48 silly tarball no local data for which@https://registry.npmjs.org/which/-/which-2.0.2.tgz. Extracting by manifest.
49 silly tarball no local data for whatwg-url@https://registry.npmjs.org/whatwg-url/-/whatwg-url-11.0.0.tgz. Extracting by manifest.
50 silly tarball no local data for undici-types@https://registry.npmjs.org/undici-types/-/undici-types-5.26.5.tgz. Extracting by manifest.
51 silly tarball no local data for undici@https://registry.npmjs.org/undici/-/undici-5.27.2.tgz. Extracting by manifest.
52 silly tarball no local data for tslib@https://registry.npmjs.org/tslib/-/tslib-2.6.2.tgz. Extracting by manifest.
53 silly tarball no local data for ts-mixer@https://registry.npmjs.org/ts-mixer/-/ts-mixer-6.0.3.tgz. Extracting by manifest.
54 silly tarball no local data for strip-bom@https://registry.npmjs.org/strip-bom/-/strip-bom-2.0.0.tgz. Extracting by manifest.
55 silly tarball no local data for tr46@https://registry.npmjs.org/tr46/-/tr46-3.0.0.tgz. Extracting by manifest.
56 silly tarball no local data for sparse-bitfield@https://registry.npmjs.org/sparse-bitfield/-/sparse-bitfield-3.0.3.tgz. Extracting by manifest.
57 silly tarball no local data for sift@https://registry.npmjs.org/sift/-/sift-16.0.1.tgz. Extracting by manifest.
58 silly tarball no local data for shebang-regex@https://registry.npmjs.org/shebang-regex/-/shebang-regex-3.0.0.tgz. Extracting by manifest.
59 silly tarball no local data for shebang-command@https://registry.npmjs.org/shebang-command/-/shebang-command-2.0.0.tgz. Extracting by manifest.
60 silly tarball no local data for samp-query@https://registry.npmjs.org/samp-query/-/samp-query-0.1.5.tgz. Extracting by manifest.
61 silly tarball no local data for punycode@https://registry.npmjs.org/punycode/-/punycode-2.3.1.tgz. Extracting by manifest.
62 silly tarball no local data for proxy-from-env@https://registry.npmjs.org/proxy-from-env/-/proxy-from-env-1.1.0.tgz. Extracting by manifest.
63 silly tarball no local data for webidl-conversions@https://registry.npmjs.org/webidl-conversions/-/webidl-conversions-7.0.0.tgz. Extracting by manifest.
64 silly tarball no local data for path-key@https://registry.npmjs.org/path-key/-/path-key-3.1.1.tgz. Extracting by manifest.
65 silly tarball no local data for ms@https://registry.npmjs.org/ms/-/ms-2.1.3.tgz. Extracting by manifest.
66 silly tarball no local data for mongoose@https://registry.npmjs.org/mongoose/-/mongoose-8.0.3.tgz. Extracting by manifest.
67 silly tarball no local data for mquery@https://registry.npmjs.org/mquery/-/mquery-5.0.0.tgz. Extracting by manifest.
68 silly tarball no local data for mongodb-connection-string-url@https://registry.npmjs.org/mongodb-connection-string-url/-/mongodb-connection-string-url-2.6.0.tgz. Extracting by manifest.
69 silly tarball no local data for mpath@https://registry.npmjs.org/mpath/-/mpath-0.9.0.tgz. Extracting by manifest.
70 silly tarball no local data for mongodb@https://registry.npmjs.org/mongodb/-/mongodb-6.2.0.tgz. Extracting by manifest.
71 silly tarball no local data for mime-types@https://registry.npmjs.org/mime-types/-/mime-types-2.1.35.tgz. Extracting by manifest.
72 silly tarball no local data for mime-db@https://registry.npmjs.org/mime-db/-/mime-db-1.52.0.tgz. Extracting by manifest.
73 silly tarball no local data for memory-pager@https://registry.npmjs.org/memory-pager/-/memory-pager-1.5.0.tgz. Extracting by manifest.
74 silly tarball no local data for magic-bytes.js@https://registry.npmjs.org/magic-bytes.js/-/magic-bytes.js-1.7.0.tgz. Extracting by manifest.
75 silly tarball no local data for lodash.snakecase@https://registry.npmjs.org/lodash.snakecase/-/lodash.snakecase-4.1.1.tgz. Extracting by manifest.
76 silly tarball no local data for lodash@https://registry.npmjs.org/lodash/-/lodash-4.17.21.tgz. Extracting by manifest.
77 silly tarball no local data for isexe@https://registry.npmjs.org/isexe/-/isexe-2.0.0.tgz. Extracting by manifest.
78 silly tarball no local data for kareem@https://registry.npmjs.org/kareem/-/kareem-2.5.1.tgz. Extracting by manifest.
79 silly tarball no local data for is-utf8@https://registry.npmjs.org/is-utf8/-/is-utf8-0.2.1.tgz. Extracting by manifest.
80 silly tarball no local data for form-data@https://registry.npmjs.org/form-data/-/form-data-4.0.0.tgz. Extracting by manifest.
81 silly tarball no local data for https-proxy-agent@https://registry.npmjs.org/https-proxy-agent/-/https-proxy-agent-6.2.1.tgz. Extracting by manifest.
82 silly tarball no local data for follow-redirects@https://registry.npmjs.org/follow-redirects/-/follow-redirects-1.15.3.tgz. Extracting by manifest.
83 silly tarball no local data for fast-deep-equal@https://registry.npmjs.org/fast-deep-equal/-/fast-deep-equal-3.1.3.tgz. Extracting by manifest.
84 silly tarball no local data for discord.js-akinator@https://registry.npmjs.org/discord.js-akinator/-/discord.js-akinator-4.1.3.tgz. Extracting by manifest.
85 silly tarball no local data for discord.js@https://registry.npmjs.org/discord.js/-/discord.js-14.14.1.tgz. Extracting by manifest.
86 silly tarball no local data for discord-api-types@https://registry.npmjs.org/discord-api-types/-/discord-api-types-0.37.61.tgz. Extracting by manifest.
87 silly tarball no local data for debug@https://registry.npmjs.org/debug/-/debug-4.3.4.tgz. Extracting by manifest.
88 silly tarball no local data for delayed-stream@https://registry.npmjs.org/delayed-stream/-/delayed-stream-1.0.0.tgz. Extracting by manifest.
89 silly tarball no local data for csvtojson@https://registry.npmjs.org/csvtojson/-/csvtojson-2.0.10.tgz. Extracting by manifest.
90 silly tarball no local data for cross-spawn@https://registry.npmjs.org/cross-spawn/-/cross-spawn-7.0.3.tgz. Extracting by manifest.
91 silly tarball no local data for combined-stream@https://registry.npmjs.org/combined-stream/-/combined-stream-1.0.8.tgz. Extracting by manifest.
92 silly tarball no local data for bson@https://registry.npmjs.org/bson/-/bson-6.2.0.tgz. Extracting by manifest.
93 silly tarball no local data for axios@https://registry.npmjs.org/axios/-/axios-1.4.0.tgz. Extracting by manifest.
94 silly tarball no local data for bluebird@https://registry.npmjs.org/bluebird/-/bluebird-3.7.2.tgz. Extracting by manifest.
95 silly tarball no local data for asynckit@https://registry.npmjs.org/asynckit/-/asynckit-0.4.0.tgz. Extracting by manifest.
96 silly tarball no local data for ascii-table@https://registry.npmjs.org/ascii-table/-/ascii-table-0.0.9.tgz. Extracting by manifest.
97 silly tarball no local data for aki-api@https://registry.npmjs.org/aki-api/-/aki-api-6.0.9.tgz. Extracting by manifest.
98 silly tarball no local data for agent-base@https://registry.npmjs.org/agent-base/-/agent-base-7.1.0.tgz. Extracting by manifest.
99 silly tarball no local data for @vladfrangu/async_event_emitter@https://registry.npmjs.org/@vladfrangu/async_event_emitter/-/async_event_emitter-2.2.4.tgz. Extracting by manifest.
100 silly tarball no local data for @types/ws@https://registry.npmjs.org/@types/ws/-/ws-8.5.9.tgz. Extracting by manifest.
101 silly tarball no local data for @types/whatwg-url@https://registry.npmjs.org/@types/whatwg-url/-/whatwg-url-8.2.2.tgz. Extracting by manifest.
102 silly tarball no local data for @types/node@https://registry.npmjs.org/@types/node/-/node-20.10.5.tgz. Extracting by manifest.
103 silly tarball no local data for @types/webidl-conversions@https://registry.npmjs.org/@types/webidl-conversions/-/webidl-conversions-7.0.3.tgz. Extracting by manifest.
104 silly tarball no local data for @sapphire/snowflake@https://registry.npmjs.org/@sapphire/snowflake/-/snowflake-3.5.1.tgz. Extracting by manifest.
105 silly tarball no local data for @sapphire/shapeshift@https://registry.npmjs.org/@sapphire/shapeshift/-/shapeshift-3.9.5.tgz. Extracting by manifest.
106 silly tarball no local data for @sapphire/async-queue@https://registry.npmjs.org/@sapphire/async-queue/-/async-queue-1.5.1.tgz. Extracting by manifest.
107 silly tarball no local data for @mongodb-js/saslprep@https://registry.npmjs.org/@mongodb-js/saslprep/-/saslprep-1.1.1.tgz. Extracting by manifest.
108 silly tarball no local data for cross-env@https://registry.npmjs.org/cross-env/-/cross-env-6.0.3.tgz. Extracting by manifest.
109 silly tarball no local data for @discordjs/builders@https://registry.npmjs.org/@discordjs/builders/-/builders-1.7.0.tgz. Extracting by manifest.
110 silly tarball no local data for @kreisler/js-google-translate-free@https://registry.npmjs.org/@kreisler/js-google-translate-free/-/js-google-translate-free-2.1.0.tgz. Extracting by manifest.
111 silly tarball no local data for @fastify/busboy@https://registry.npmjs.org/@fastify/busboy/-/busboy-2.1.0.tgz. Extracting by manifest.
112 silly tarball no local data for @discordjs/util@https://registry.npmjs.org/@discordjs/util/-/util-1.0.2.tgz. Extracting by manifest.
113 silly tarball no local data for @discordjs/rest@https://registry.npmjs.org/@discordjs/rest/-/rest-2.2.0.tgz. Extracting by manifest.
114 silly tarball no local data for @discordjs/ws@https://registry.npmjs.org/@discordjs/ws/-/ws-1.0.2.tgz. Extracting by manifest.
115 silly tarball no local data for @discordjs/formatters@https://registry.npmjs.org/@discordjs/formatters/-/formatters-0.3.3.tgz. Extracting by manifest.
116 silly tarball no local data for @discordjs/collection@https://registry.npmjs.org/@discordjs/collection/-/collection-1.5.3.tgz. Extracting by manifest.
117 silly tarball no local data for node_extra_ca_certs_mozilla_bundle@https://registry.npmjs.org/node_extra_ca_certs_mozilla_bundle/-/node_extra_ca_certs_mozilla_bundle-1.0.5.tgz. Extracting by manifest.
118 silly tarball no local data for ms@https://registry.npmjs.org/ms/-/ms-2.1.2.tgz. Extracting by manifest.
119 silly tarball no local data for axios@https://registry.npmjs.org/axios/-/axios-0.27.2.tgz. Extracting by manifest.
120 silly tarball no local data for @discordjs/collection@https://registry.npmjs.org/@discordjs/collection/-/collection-2.0.0.tgz. Extracting by manifest.
121 silly tarball no local data for @discordjs/collection@https://registry.npmjs.org/@discordjs/collection/-/collection-2.0.0.tgz. Extracting by manifest.
122 http fetch POST 200 https://registry.npmjs.org/-/npm/v1/security/advisories/bulk 1542ms
123 timing auditReport:getReport Completed in 1553ms
124 silly audit report {
124 silly audit report   axios: [
124 silly audit report     {
124 silly audit report       id: 1094889,
124 silly audit report       url: 'https://github.com/advisories/GHSA-wf5p-g6vw-rhxx',
124 silly audit report       title: 'Axios Cross-Site Request Forgery Vulnerability',
124 silly audit report       severity: 'moderate',
124 silly audit report       vulnerable_versions: '>=0.8.1 <1.6.0',
124 silly audit report       cwe: [Array],
124 silly audit report       cvss: [Object]
124 silly audit report     }
124 silly audit report   ],
124 silly audit report   'follow-redirects': [
124 silly audit report     {
124 silly audit report       id: 1096353,
124 silly audit report       url: 'https://github.com/advisories/GHSA-jchw-25xp-jwwc',
124 silly audit report       title: 'Follow Redirects improperly handles URLs in the url.parse() function',
124 silly audit report       severity: 'moderate',
124 silly audit report       vulnerable_versions: '<1.15.4',
124 silly audit report       cwe: [Array],
124 silly audit report       cvss: [Object]
124 silly audit report     }
124 silly audit report   ]
124 silly audit report }
125 timing metavuln:cache:get:security-advisory:axios:Jphyrph0xSBoV7rAKQ5sxe+Zizq65vm72MJltviDtKidjsZwX/gC36j+hz03tZ86vHMEkACxqA4FcmoDJt5vmg== Completed in 143ms
126 timing metavuln:cache:get:security-advisory:follow-redirects:jg0VmBuYg0rFvpkG3wK2nkx/yTpb1zmGLVl2eFwdShSNm11ekkwkWcvLLCcHYAvNL4IcTZ2Yt/Gv7gSI5zO32A== Completed in 134ms
127 http fetch GET 200 https://registry.npmjs.org/delayed-stream/-/delayed-stream-1.0.0.tgz 2311ms (cache miss)
128 timing reifyNode:node_modules/delayed-stream Completed in 2703ms
129 http fetch GET 200 https://registry.npmjs.org/strip-bom/-/strip-bom-2.0.0.tgz 2388ms (cache miss)
130 timing reifyNode:node_modules/strip-bom Completed in 2708ms
131 http fetch GET 200 https://registry.npmjs.org/@types/webidl-conversions/-/webidl-conversions-7.0.3.tgz 2234ms (cache miss)
132 timing reifyNode:node_modules/@types/webidl-conversions Completed in 2702ms
133 http fetch GET 200 https://registry.npmjs.org/shebang-regex/-/shebang-regex-3.0.0.tgz 2384ms (cache miss)
134 timing reifyNode:node_modules/shebang-regex Completed in 2708ms
135 http fetch GET 200 https://registry.npmjs.org/webidl-conversions/-/webidl-conversions-7.0.0.tgz 2380ms (cache miss)
136 timing reifyNode:node_modules/webidl-conversions Completed in 2710ms
137 http fetch GET 200 https://registry.npmjs.org/shebang-command/-/shebang-command-2.0.0.tgz 2384ms (cache miss)
138 timing reifyNode:node_modules/shebang-command Completed in 2709ms
139 http fetch GET 200 https://registry.npmjs.org/path-key/-/path-key-3.1.1.tgz 2381ms (cache miss)
140 timing reifyNode:node_modules/path-key Completed in 2709ms
141 http fetch GET 200 https://registry.npmjs.org/mime-types/-/mime-types-2.1.35.tgz 2340ms (cache miss)
142 timing reifyNode:node_modules/mime-types Completed in 2709ms
143 http fetch GET 200 https://registry.npmjs.org/lodash.snakecase/-/lodash.snakecase-4.1.1.tgz 2336ms (cache miss)
144 timing reifyNode:node_modules/lodash.snakecase Completed in 2708ms
145 http fetch GET 200 https://registry.npmjs.org/is-utf8/-/is-utf8-0.2.1.tgz 2332ms (cache miss)
146 timing reifyNode:node_modules/is-utf8 Completed in 2708ms
147 http fetch GET 200 https://registry.npmjs.org/@types/ws/-/ws-8.5.9.tgz 2243ms (cache miss)
148 timing reifyNode:node_modules/@types/ws Completed in 2706ms
149 http fetch GET 200 https://registry.npmjs.org/fast-deep-equal/-/fast-deep-equal-3.1.3.tgz 2327ms (cache miss)
150 timing reifyNode:node_modules/fast-deep-equal Completed in 2709ms
151 http fetch GET 200 https://registry.npmjs.org/punycode/-/punycode-2.3.1.tgz 2384ms (cache miss)
152 timing reifyNode:node_modules/punycode Completed in 2711ms
153 http fetch GET 200 https://registry.npmjs.org/sparse-bitfield/-/sparse-bitfield-3.0.3.tgz 2389ms (cache miss)
154 timing reifyNode:node_modules/sparse-bitfield Completed in 2712ms
155 http fetch GET 200 https://registry.npmjs.org/ms/-/ms-2.1.3.tgz 2383ms (cache miss)
156 timing reifyNode:node_modules/ms Completed in 2712ms
157 http fetch GET 200 https://registry.npmjs.org/memory-pager/-/memory-pager-1.5.0.tgz 2409ms (cache miss)
158 timing reifyNode:node_modules/memory-pager Completed in 2781ms
159 http fetch GET 200 https://registry.npmjs.org/combined-stream/-/combined-stream-1.0.8.tgz 2386ms (cache miss)
160 timing reifyNode:node_modules/combined-stream Completed in 2783ms
161 http fetch GET 200 https://registry.npmjs.org/ms/-/ms-2.1.2.tgz 1965ms (cache miss)
162 timing reifyNode:node_modules/debug/node_modules/ms Completed in 2784ms
163 http fetch GET 200 https://registry.npmjs.org/which/-/which-2.0.2.tgz 2507ms (cache miss)
164 timing reifyNode:node_modules/which Completed in 2790ms
165 http fetch GET 200 https://registry.npmjs.org/samp-query/-/samp-query-0.1.5.tgz 2462ms (cache miss)
166 timing reifyNode:node_modules/samp-query Completed in 2788ms
167 http fetch GET 200 https://registry.npmjs.org/node_extra_ca_certs_mozilla_bundle/-/node_extra_ca_certs_mozilla_bundle-1.0.5.tgz 2274ms (cache miss)
168 timing reifyNode:node_modules/node_extra_ca_certs_mozilla_bundle Completed in 2789ms
169 http fetch GET 200 https://registry.npmjs.org/@types/whatwg-url/-/whatwg-url-8.2.2.tgz 2320ms (cache miss)
170 timing reifyNode:node_modules/@types/whatwg-url Completed in 2784ms
171 http fetch GET 200 https://registry.npmjs.org/isexe/-/isexe-2.0.0.tgz 2414ms (cache miss)
172 timing reifyNode:node_modules/isexe Completed in 2788ms
173 http fetch GET 200 https://registry.npmjs.org/kareem/-/kareem-2.5.1.tgz 2413ms (cache miss)
174 timing reifyNode:node_modules/kareem Completed in 2788ms
175 http fetch GET 200 https://registry.npmjs.org/form-data/-/form-data-4.0.0.tgz 2496ms (cache miss)
176 timing reifyNode:node_modules/form-data Completed in 2873ms
177 http fetch GET 200 https://registry.npmjs.org/follow-redirects/-/follow-redirects-1.15.3.tgz 2494ms (cache miss)
178 timing reifyNode:node_modules/follow-redirects Completed in 2874ms
179 http fetch GET 200 https://registry.npmjs.org/ws/-/ws-8.14.2.tgz 2654ms (cache miss)
180 http fetch GET 200 https://registry.npmjs.org/cross-spawn/-/cross-spawn-7.0.3.tgz 2493ms (cache miss)
181 timing reifyNode:node_modules/cross-spawn Completed in 2887ms
182 http fetch GET 200 https://registry.npmjs.org/proxy-from-env/-/proxy-from-env-1.1.0.tgz 2563ms (cache miss)
183 timing reifyNode:node_modules/proxy-from-env Completed in 2890ms
184 http fetch GET 200 https://registry.npmjs.org/mpath/-/mpath-0.9.0.tgz 2552ms (cache miss)
185 timing reifyNode:node_modules/mpath Completed in 2918ms
186 http fetch GET 200 https://registry.npmjs.org/follow-redirects 1364ms (cache miss)
187 timing metavuln:packument:follow-redirects Completed in 1411ms
188 timing metavuln:load:security-advisory:follow-redirects:1096353 Completed in 7ms
189 timing reifyNode:node_modules/ws Completed in 2976ms
190 http fetch GET 200 https://registry.npmjs.org/@sapphire/async-queue/-/async-queue-1.5.1.tgz 2503ms (cache miss)
191 http fetch GET 200 https://registry.npmjs.org/agent-base/-/agent-base-7.1.0.tgz 2574ms (cache miss)
192 timing reifyNode:node_modules/agent-base Completed in 2987ms
193 http fetch GET 200 https://registry.npmjs.org/mongodb-connection-string-url/-/mongodb-connection-string-url-2.6.0.tgz 2625ms (cache miss)
194 timing reifyNode:node_modules/mongodb-connection-string-url Completed in 2991ms
195 http fetch GET 200 https://registry.npmjs.org/cross-env/-/cross-env-6.0.3.tgz 2510ms (cache miss)
196 timing reifyNode:node_modules/cross-env Completed in 2989ms
197 http fetch GET 200 https://registry.npmjs.org/https-proxy-agent/-/https-proxy-agent-6.2.1.tgz 2619ms (cache miss)
198 timing reifyNode:node_modules/https-proxy-agent Completed in 2998ms
199 http fetch GET 200 https://registry.npmjs.org/asynckit/-/asynckit-0.4.0.tgz 2595ms (cache miss)
200 timing reifyNode:node_modules/asynckit Completed in 2996ms
201 http fetch GET 200 https://registry.npmjs.org/@discordjs/util/-/util-1.0.2.tgz 2497ms (cache miss)
202 timing reifyNode:node_modules/@discordjs/util Completed in 2991ms
203 timing reifyNode:node_modules/@sapphire/async-queue Completed in 2995ms
204 http fetch GET 200 https://registry.npmjs.org/debug/-/debug-4.3.4.tgz 2739ms (cache miss)
205 timing reifyNode:node_modules/debug Completed in 3129ms
206 http fetch GET 200 https://registry.npmjs.org/@sapphire/snowflake/-/snowflake-3.5.1.tgz 2659ms (cache miss)
207 timing reifyNode:node_modules/@sapphire/snowflake Completed in 3128ms
208 http fetch GET 200 https://registry.npmjs.org/@kreisler/js-google-translate-free/-/js-google-translate-free-2.1.0.tgz 2720ms (cache miss)
209 timing reifyNode:node_modules/@kreisler/js-google-translate-free Completed in 3209ms
210 http fetch GET 200 https://registry.npmjs.org/tslib/-/tslib-2.6.2.tgz 2903ms (cache miss)
211 timing reifyNode:node_modules/tslib Completed in 3217ms
212 http fetch GET 200 https://registry.npmjs.org/mime-db/-/mime-db-1.52.0.tgz 2846ms (cache miss)
213 timing reifyNode:node_modules/mime-db Completed in 3216ms
214 http fetch GET 200 https://registry.npmjs.org/ascii-table/-/ascii-table-0.0.9.tgz 2811ms (cache miss)
215 timing reifyNode:node_modules/ascii-table Completed in 3213ms
216 http fetch GET 200 https://registry.npmjs.org/magic-bytes.js/-/magic-bytes.js-1.7.0.tgz 2897ms (cache miss)
217 timing reifyNode:node_modules/magic-bytes.js Completed in 3268ms
218 http fetch GET 200 https://registry.npmjs.org/aki-api/-/aki-api-6.0.9.tgz 2871ms (cache miss)
219 http fetch GET 200 https://registry.npmjs.org/whatwg-url/-/whatwg-url-11.0.0.tgz 3013ms (cache miss)
220 timing reifyNode:node_modules/whatwg-url Completed in 3297ms
221 timing reifyNode:node_modules/aki-api Completed in 3300ms
222 timing metavuln:cache:put:security-advisory:follow-redirects:jg0VmBuYg0rFvpkG3wK2nkx/yTpb1zmGLVl2eFwdShSNm11ekkwkWcvLLCcHYAvNL4IcTZ2Yt/Gv7gSI5zO32A== Completed in 332ms
223 timing metavuln:calculate:security-advisory:follow-redirects:1096353 Completed in 1751ms
224 http fetch GET 200 https://registry.npmjs.org/axios 1751ms (cache miss)
225 timing metavuln:packument:axios Completed in 1823ms
226 timing metavuln:load:security-advisory:axios:1094889 Completed in 4ms
227 http fetch GET 200 https://registry.npmjs.org/@discordjs/collection/-/collection-2.0.0.tgz 2555ms (cache miss)
228 timing reifyNode:node_modules/@discordjs/ws/node_modules/@discordjs/collection Completed in 3370ms
229 http fetch GET 200 https://registry.npmjs.org/mquery/-/mquery-5.0.0.tgz 3063ms (cache miss)
230 timing reifyNode:node_modules/mquery Completed in 3395ms
231 http fetch GET 200 https://registry.npmjs.org/@discordjs/collection/-/collection-2.0.0.tgz 2571ms (cache miss)
232 timing reifyNode:node_modules/@discordjs/rest/node_modules/@discordjs/collection Completed in 3386ms
233 http fetch GET 200 https://registry.npmjs.org/@mongodb-js/saslprep/-/saslprep-1.1.1.tgz 2926ms (cache miss)
234 timing reifyNode:node_modules/@mongodb-js/saslprep Completed in 3398ms
235 http fetch GET 200 https://registry.npmjs.org/@discordjs/collection/-/collection-1.5.3.tgz 2892ms (cache miss)
236 timing reifyNode:node_modules/@discordjs/collection Completed in 3396ms
237 http fetch GET 200 https://registry.npmjs.org/undici-types/-/undici-types-5.26.5.tgz 3207ms (cache miss)
238 timing reifyNode:node_modules/undici-types Completed in 3493ms
239 http fetch GET 200 https://registry.npmjs.org/@fastify/busboy/-/busboy-2.1.0.tgz 2989ms (cache miss)
240 timing reifyNode:node_modules/@fastify/busboy Completed in 3484ms
241 http fetch GET 200 https://registry.npmjs.org/ts-mixer/-/ts-mixer-6.0.3.tgz 3174ms (cache miss)
242 timing reifyNode:node_modules/ts-mixer Completed in 3493ms
243 http fetch GET 200 https://registry.npmjs.org/tr46/-/tr46-3.0.0.tgz 3181ms (cache miss)
244 timing reifyNode:node_modules/tr46 Completed in 3504ms
245 http fetch GET 200 https://registry.npmjs.org/@vladfrangu/async_event_emitter/-/async_event_emitter-2.2.4.tgz 3037ms (cache miss)
246 timing reifyNode:node_modules/@vladfrangu/async_event_emitter Completed in 3500ms
247 http fetch GET 200 https://registry.npmjs.org/@discordjs/formatters/-/formatters-0.3.3.tgz 3008ms (cache miss)
248 timing reifyNode:node_modules/@discordjs/formatters Completed in 3507ms
249 timing metavuln:cache:put:security-advisory:axios:Jphyrph0xSBoV7rAKQ5sxe+Zizq65vm72MJltviDtKidjsZwX/gC36j+hz03tZ86vHMEkACxqA4FcmoDJt5vmg== Completed in 207ms
250 timing metavuln:calculate:security-advisory:axios:1094889 Completed in 2035ms
251 timing metavuln:cache:get:security-advisory:@kreisler/js-google-translate-free:w36CxpLFdsjKKBQGlAwVO69vYDNDU+uTLNE2sWdvVVV4cPMMI+9iAsTmCzSdXxi5KoQjhbiPy6O3bpmEuUr8Kw== Completed in 11ms
252 timing metavuln:cache:get:security-advisory:aki-api:XuSKh+4BcGrEROpP1N5I00xSJvfyB1Z5D/K1NtOilteiNZ5aZilxNUtaNDwjbCbgyMaiyvPZq5nFP9FlZQkMuQ== Completed in 7ms
253 timing metavuln:cache:get:security-advisory:node_extra_ca_certs_mozilla_bundle:npEDmOJFM8CMPnEROIzA3Aki2dGboPu6vemm6+paOEd4LrUpXsHRpncUlLjXrkZ8GqxIpDSTP3SIAWXEByoQtw== Completed in 7ms
254 http fetch GET 200 https://registry.npmjs.org/@discordjs/builders/-/builders-1.7.0.tgz 3292ms (cache miss)
255 timing reifyNode:node_modules/@discordjs/builders Completed in 3765ms
256 http fetch GET 200 https://registry.npmjs.org/sift/-/sift-16.0.1.tgz 3552ms (cache miss)
257 timing reifyNode:node_modules/sift Completed in 3885ms
258 http fetch GET 200 https://registry.npmjs.org/aki-api 516ms (cache miss)
259 timing metavuln:packument:aki-api Completed in 517ms
260 timing metavuln:load:security-advisory:aki-api:Jphyrph0xSBoV7rAKQ5sxe+Zizq65vm72MJltviDtKidjsZwX/gC36j+hz03tZ86vHMEkACxqA4FcmoDJt5vmg== Completed in 11ms
261 http fetch GET 200 https://registry.npmjs.org/@discordjs/rest/-/rest-2.2.0.tgz 3609ms (cache miss)
262 timing reifyNode:node_modules/@discordjs/rest Completed in 4158ms
263 http fetch GET 200 https://registry.npmjs.org/@discordjs/ws/-/ws-1.0.2.tgz 3679ms (cache miss)
264 timing reifyNode:node_modules/@discordjs/ws Completed in 4178ms
265 timing metavuln:cache:put:security-advisory:aki-api:XuSKh+4BcGrEROpP1N5I00xSJvfyB1Z5D/K1NtOilteiNZ5aZilxNUtaNDwjbCbgyMaiyvPZq5nFP9FlZQkMuQ== Completed in 160ms
266 timing metavuln:calculate:security-advisory:aki-api:Jphyrph0xSBoV7rAKQ5sxe+Zizq65vm72MJltviDtKidjsZwX/gC36j+hz03tZ86vHMEkACxqA4FcmoDJt5vmg== Completed in 688ms
267 http fetch GET 200 https://registry.npmjs.org/axios/-/axios-0.27.2.tgz 3460ms (cache miss)
268 timing reifyNode:node_modules/node_extra_ca_certs_mozilla_bundle/node_modules/axios Completed in 4282ms
269 http fetch GET 200 https://registry.npmjs.org/@sapphire/shapeshift/-/shapeshift-3.9.5.tgz 3810ms (cache miss)
270 timing reifyNode:node_modules/@sapphire/shapeshift Completed in 4279ms
271 http fetch GET 200 https://registry.npmjs.org/bluebird/-/bluebird-3.7.2.tgz 3884ms (cache miss)
272 timing reifyNode:node_modules/bluebird Completed in 4283ms
273 http fetch GET 200 https://registry.npmjs.org/node_extra_ca_certs_mozilla_bundle 898ms (cache miss)
274 timing metavuln:packument:node_extra_ca_certs_mozilla_bundle Completed in 900ms
275 timing metavuln:load:security-advisory:node_extra_ca_certs_mozilla_bundle:Jphyrph0xSBoV7rAKQ5sxe+Zizq65vm72MJltviDtKidjsZwX/gC36j+hz03tZ86vHMEkACxqA4FcmoDJt5vmg== Completed in 8ms
276 http fetch GET 200 https://registry.npmjs.org/discord.js-akinator/-/discord.js-akinator-4.1.3.tgz 4107ms (cache miss)
277 timing reifyNode:node_modules/discord.js-akinator Completed in 4491ms
278 timing metavuln:cache:put:security-advisory:node_extra_ca_certs_mozilla_bundle:npEDmOJFM8CMPnEROIzA3Aki2dGboPu6vemm6+paOEd4LrUpXsHRpncUlLjXrkZ8GqxIpDSTP3SIAWXEByoQtw== Completed in 96ms
279 timing metavuln:calculate:security-advisory:node_extra_ca_certs_mozilla_bundle:Jphyrph0xSBoV7rAKQ5sxe+Zizq65vm72MJltviDtKidjsZwX/gC36j+hz03tZ86vHMEkACxqA4FcmoDJt5vmg== Completed in 1004ms
280 http fetch GET 200 https://registry.npmjs.org/@kreisler%2fjs-google-translate-free 1087ms (cache miss)
281 timing metavuln:packument:@kreisler/js-google-translate-free Completed in 1090ms
282 timing metavuln:load:security-advisory:@kreisler/js-google-translate-free:Jphyrph0xSBoV7rAKQ5sxe+Zizq65vm72MJltviDtKidjsZwX/gC36j+hz03tZ86vHMEkACxqA4FcmoDJt5vmg== Completed in 2ms
283 timing metavuln:cache:put:security-advisory:@kreisler/js-google-translate-free:w36CxpLFdsjKKBQGlAwVO69vYDNDU+uTLNE2sWdvVVV4cPMMI+9iAsTmCzSdXxi5KoQjhbiPy6O3bpmEuUr8Kw== Completed in 106ms
284 timing metavuln:calculate:security-advisory:@kreisler/js-google-translate-free:Jphyrph0xSBoV7rAKQ5sxe+Zizq65vm72MJltviDtKidjsZwX/gC36j+hz03tZ86vHMEkACxqA4FcmoDJt5vmg== Completed in 1198ms
285 timing metavuln:cache:get:security-advisory:axios:6FM9PhfJw5vbHJTRjXs/VQZTFU51ugCLixAa273gUOTlL/0ZdQ/yItjH9/V0+Ju8EzJZ4OzfL8R7BsgLWMEdfg== Completed in 6ms
286 timing metavuln:load:security-advisory:axios:jg0VmBuYg0rFvpkG3wK2nkx/yTpb1zmGLVl2eFwdShSNm11ekkwkWcvLLCcHYAvNL4IcTZ2Yt/Gv7gSI5zO32A== Completed in 90ms
287 timing metavuln:cache:put:security-advisory:axios:6FM9PhfJw5vbHJTRjXs/VQZTFU51ugCLixAa273gUOTlL/0ZdQ/yItjH9/V0+Ju8EzJZ4OzfL8R7BsgLWMEdfg== Completed in 111ms
288 timing metavuln:calculate:security-advisory:axios:jg0VmBuYg0rFvpkG3wK2nkx/yTpb1zmGLVl2eFwdShSNm11ekkwkWcvLLCcHYAvNL4IcTZ2Yt/Gv7gSI5zO32A== Completed in 209ms
289 timing metavuln:cache:get:security-advisory:aki-api:3dhgA2kao6BCGXiLSdeN/6it/fYDcW1MiEXk1yXiDCZkQo0XEgkIY2M4xty/pTxKDqnfkFWLa+0IXUalY9EWWg== Completed in 5ms
290 timing metavuln:load:security-advisory:aki-api:npEDmOJFM8CMPnEROIzA3Aki2dGboPu6vemm6+paOEd4LrUpXsHRpncUlLjXrkZ8GqxIpDSTP3SIAWXEByoQtw== Completed in 1ms
291 timing metavuln:cache:put:security-advisory:aki-api:3dhgA2kao6BCGXiLSdeN/6it/fYDcW1MiEXk1yXiDCZkQo0XEgkIY2M4xty/pTxKDqnfkFWLa+0IXUalY9EWWg== Completed in 94ms
292 timing metavuln:calculate:security-advisory:aki-api:npEDmOJFM8CMPnEROIzA3Aki2dGboPu6vemm6+paOEd4LrUpXsHRpncUlLjXrkZ8GqxIpDSTP3SIAWXEByoQtw== Completed in 101ms
293 timing metavuln:cache:get:security-advisory:discord.js-akinator:CqPWTFuENLImXI4AykNXcs6+PioIVOHIvc63+Tm5+e0xRhFwwpfyPCe5HagN5IE0+kBrDKC1P0lboJy+/C7A1Q== Completed in 5ms
294 http fetch GET 200 https://registry.npmjs.org/bson/-/bson-6.2.0.tgz 4713ms (cache miss)
295 timing reifyNode:node_modules/bson Completed in 5188ms
296 http fetch GET 200 https://registry.npmjs.org/axios/-/axios-1.4.0.tgz 4949ms (cache miss)
297 timing reifyNode:node_modules/axios Completed in 5350ms
298 http fetch GET 200 https://registry.npmjs.org/undici/-/undici-5.27.2.tgz 5294ms (cache miss)
299 timing reifyNode:node_modules/undici Completed in 5608ms
300 http fetch GET 200 https://registry.npmjs.org/discord.js-akinator 975ms (cache miss)
301 timing metavuln:packument:discord.js-akinator Completed in 979ms
302 timing metavuln:load:security-advisory:discord.js-akinator:w36CxpLFdsjKKBQGlAwVO69vYDNDU+uTLNE2sWdvVVV4cPMMI+9iAsTmCzSdXxi5KoQjhbiPy6O3bpmEuUr8Kw== Completed in 3ms
303 timing metavuln:cache:put:security-advisory:discord.js-akinator:CqPWTFuENLImXI4AykNXcs6+PioIVOHIvc63+Tm5+e0xRhFwwpfyPCe5HagN5IE0+kBrDKC1P0lboJy+/C7A1Q== Completed in 23ms
304 timing metavuln:calculate:security-advisory:discord.js-akinator:w36CxpLFdsjKKBQGlAwVO69vYDNDU+uTLNE2sWdvVVV4cPMMI+9iAsTmCzSdXxi5KoQjhbiPy6O3bpmEuUr8Kw== Completed in 1005ms
305 timing auditReport:init Completed in 4561ms
306 timing reify:audit Completed in 6118ms
307 http fetch GET 200 https://registry.npmjs.org/@types/node/-/node-20.10.5.tgz 5711ms (cache miss)
308 timing reifyNode:node_modules/@types/node Completed in 6178ms
309 http fetch GET 200 https://registry.npmjs.org/discord.js/-/discord.js-14.14.1.tgz 5921ms (cache miss)
310 timing reifyNode:node_modules/discord.js Completed in 6306ms
311 http fetch GET 200 https://registry.npmjs.org/mongoose/-/mongoose-8.0.3.tgz 6073ms (cache miss)
312 timing reifyNode:node_modules/mongoose Completed in 6468ms
313 http fetch GET 200 https://registry.npmjs.org/mongodb/-/mongodb-6.2.0.tgz 6325ms (cache miss)
314 timing reifyNode:node_modules/mongodb Completed in 6693ms
315 http fetch GET 200 https://registry.npmjs.org/csvtojson/-/csvtojson-2.0.10.tgz 6773ms (cache miss)
316 timing reifyNode:node_modules/csvtojson Completed in 7169ms
317 http fetch GET 200 https://registry.npmjs.org/lodash/-/lodash-4.17.21.tgz 6828ms (cache miss)
318 timing reifyNode:node_modules/lodash Completed in 7202ms
319 http fetch GET 200 https://registry.npmjs.org/discord-api-types/-/discord-api-types-0.37.61.tgz 6887ms (cache miss)
320 timing reifyNode:node_modules/discord-api-types Completed in 7272ms
321 timing reify:unpack Completed in 7280ms
322 timing reify:unretire Completed in 1ms
323 timing build:queue Completed in 7ms
324 timing build:link:node_modules/cross-env Completed in 5ms
325 timing build:link:node_modules/csvtojson Completed in 4ms
326 timing build:link:node_modules/which Completed in 3ms
327 timing build:link Completed in 5ms
328 info run node_extra_ca_certs_mozilla_bundle@1.0.5 install node_modules/node_extra_ca_certs_mozilla_bundle node index.js
329 info run node_extra_ca_certs_mozilla_bundle@1.0.5 install { code: 0, signal: null }
330 timing build:run:install:node_modules/node_extra_ca_certs_mozilla_bundle Completed in 11682ms
331 timing build:run:install Completed in 11682ms
332 timing build:deps Completed in 11695ms
333 timing build Completed in 11695ms
334 timing reify:build Completed in 11696ms
335 timing reify:trash Completed in 0ms
336 timing reify:save Completed in 37ms
337 timing reify Completed in 19304ms
338 silly ADD node_modules/ws
339 silly ADD node_modules/which
340 silly ADD node_modules/whatwg-url
341 silly ADD node_modules/webidl-conversions
342 silly ADD node_modules/undici-types
343 silly ADD node_modules/undici
344 silly ADD node_modules/tslib
345 silly ADD node_modules/ts-mixer
346 silly ADD node_modules/tr46
347 silly ADD node_modules/strip-bom
348 silly ADD node_modules/sparse-bitfield
349 silly ADD node_modules/sift
350 silly ADD node_modules/shebang-regex
351 silly ADD node_modules/shebang-command
352 silly ADD node_modules/samp-query
353 silly ADD node_modules/punycode
354 silly ADD node_modules/proxy-from-env
355 silly ADD node_modules/path-key
356 silly ADD node_modules/node_extra_ca_certs_mozilla_bundle
357 silly ADD node_modules/node_extra_ca_certs_mozilla_bundle/node_modules/axios
358 silly ADD node_modules/ms
359 silly ADD node_modules/mquery
360 silly ADD node_modules/mpath
361 silly ADD node_modules/mongoose
362 silly ADD node_modules/mongodb-connection-string-url
363 silly ADD node_modules/mongodb
364 silly ADD node_modules/mime-types
365 silly ADD node_modules/mime-db
366 silly ADD node_modules/memory-pager
367 silly ADD node_modules/magic-bytes.js
368 silly ADD node_modules/lodash.snakecase
369 silly ADD node_modules/lodash
370 silly ADD node_modules/kareem
371 silly ADD node_modules/isexe
372 silly ADD node_modules/is-utf8
373 silly ADD node_modules/https-proxy-agent
374 silly ADD node_modules/form-data
375 silly ADD node_modules/follow-redirects
376 silly ADD node_modules/fast-deep-equal
377 silly ADD node_modules/discord.js-akinator
378 silly ADD node_modules/discord.js
379 silly ADD node_modules/discord-api-types
380 silly ADD node_modules/delayed-stream
381 silly ADD node_modules/debug
382 silly ADD node_modules/debug/node_modules/ms
383 silly ADD node_modules/csvtojson
384 silly ADD node_modules/cross-spawn
385 silly ADD node_modules/cross-env
386 silly ADD node_modules/combined-stream
387 silly ADD node_modules/bson
388 silly ADD node_modules/bluebird
389 silly ADD node_modules/axios
390 silly ADD node_modules/asynckit
391 silly ADD node_modules/ascii-table
392 silly ADD node_modules/aki-api
393 silly ADD node_modules/agent-base
394 silly ADD node_modules/@vladfrangu/async_event_emitter
395 silly ADD node_modules/@types/ws
396 silly ADD node_modules/@types/whatwg-url
397 silly ADD node_modules/@types/webidl-conversions
398 silly ADD node_modules/@types/node
399 silly ADD node_modules/@sapphire/snowflake
400 silly ADD node_modules/@sapphire/shapeshift
401 silly ADD node_modules/@sapphire/async-queue
402 silly ADD node_modules/@mongodb-js/saslprep
403 silly ADD node_modules/@kreisler/js-google-translate-free
404 silly ADD node_modules/@fastify/busboy
405 silly ADD node_modules/@discordjs/ws
406 silly ADD node_modules/@discordjs/ws/node_modules/@discordjs/collection
407 silly ADD node_modules/@discordjs/util
408 silly ADD node_modules/@discordjs/rest
409 silly ADD node_modules/@discordjs/rest/node_modules/@discordjs/collection
410 silly ADD node_modules/@discordjs/formatters
411 silly ADD node_modules/@discordjs/collection
412 silly ADD node_modules/@discordjs/builders
413 timing command:install Completed in 19348ms
414 verbose exit 0
415 timing npm Completed in 19938ms
416 info ok
