0 verbose cli /usr/local/bin/node /usr/local/bin/npm
1 info using npm@10.4.0
2 info using node@v20.11.0
3 timing npm:load:whichnode Completed in 9ms
4 timing config:load:defaults Completed in 7ms
5 timing config:load:file:/usr/local/lib/node_modules/npm/npmrc Completed in 3ms
6 timing config:load:builtin Completed in 3ms
7 timing config:load:cli Completed in 3ms
8 timing config:load:env Completed in 0ms
9 timing config:load:project Completed in 2ms
10 timing config:load:file:/home/container/.npmrc Completed in 0ms
11 timing config:load:user Completed in 0ms
12 timing config:load:file:/usr/local/etc/npmrc Completed in 15ms
13 timing config:load:global Completed in 16ms
14 timing config:load:setEnvs Completed in 1ms
15 timing config:load Completed in 32ms
16 timing npm:load:configload Completed in 32ms
17 timing config:load:flatten Completed in 3ms
18 timing npm:load:mkdirpcache Completed in 12ms
19 timing npm:load:mkdirplogs Completed in 9ms
20 verbose title npm install
21 verbose argv "install"
22 timing npm:load:setTitle Completed in 5ms
23 timing npm:load:display Completed in 1ms
24 verbose logfile logs-max:10 dir:/home/container/.npm/_logs/2024-02-03T15_17_22_504Z-
25 verbose logfile /home/container/.npm/_logs/2024-02-03T15_17_22_504Z-debug-0.log
26 timing npm:load:logFile Completed in 17ms
27 timing npm:load:timers Completed in 1ms
28 timing npm:load:configScope Completed in 0ms
29 timing npm:load Completed in 112ms
30 timing arborist:ctor Completed in 1ms
31 silly logfile done cleaning log files
32 timing idealTree:init Completed in 82ms
33 timing idealTree:userRequests Completed in 1ms
34 silly idealTree buildDeps
35 timing idealTree:#root Completed in 0ms
36 timing idealTree:buildDeps Completed in 1ms
37 timing idealTree:fixDepFlags Completed in 0ms
38 timing idealTree Completed in 88ms
39 timing arborist:ctor Completed in 0ms
40 timing reify:loadTrees Completed in 174ms
41 timing reify:diffTrees Completed in 5ms
42 silly reify moves {}
43 timing reify:retireShallow Completed in 1ms
44 timing reify:createSparse Completed in 0ms
45 timing reify:loadBundles Completed in 0ms
46 silly audit bulk request {
46 silly audit   '@discordjs/builders': [ '1.7.0' ],
46 silly audit   '@discordjs/collection': [ '1.5.3', '2.0.0' ],
46 silly audit   '@discordjs/formatters': [ '0.3.3' ],
46 silly audit   '@discordjs/rest': [ '2.2.0' ],
46 silly audit   '@discordjs/util': [ '1.0.2' ],
46 silly audit   '@discordjs/ws': [ '1.0.2' ],
46 silly audit   '@fastify/busboy': [ '2.1.0' ],
46 silly audit   '@kreisler/js-google-translate-free': [ '2.1.0' ],
46 silly audit   '@mongodb-js/saslprep': [ '1.1.1' ],
46 silly audit   '@sapphire/async-queue': [ '1.5.1' ],
46 silly audit   '@sapphire/shapeshift': [ '3.9.5' ],
46 silly audit   '@sapphire/snowflake': [ '3.5.1' ],
46 silly audit   '@types/node': [ '20.10.5' ],
46 silly audit   '@types/webidl-conversions': [ '7.0.3' ],
46 silly audit   '@types/whatwg-url': [ '8.2.2' ],
46 silly audit   '@types/ws': [ '8.5.9' ],
46 silly audit   '@vladfrangu/async_event_emitter': [ '2.2.4' ],
46 silly audit   'agent-base': [ '7.1.0' ],
46 silly audit   'aki-api': [ '6.0.9' ],
46 silly audit   'ascii-table': [ '0.0.9' ],
46 silly audit   asynckit: [ '0.4.0' ],
46 silly audit   axios: [ '1.4.0', '0.27.2' ],
46 silly audit   bluebird: [ '3.7.2' ],
46 silly audit   bson: [ '6.2.0' ],
46 silly audit   'combined-stream': [ '1.0.8' ],
46 silly audit   'cross-env': [ '6.0.3' ],
46 silly audit   'cross-spawn': [ '7.0.3' ],
46 silly audit   csvtojson: [ '2.0.10' ],
46 silly audit   debug: [ '4.3.4' ],
46 silly audit   ms: [ '2.1.2', '2.1.3' ],
46 silly audit   'delayed-stream': [ '1.0.0' ],
46 silly audit   'discord-api-types': [ '0.37.61' ],
46 silly audit   'discord.js': [ '14.14.1' ],
46 silly audit   'discord.js-akinator': [ '4.1.3' ],
46 silly audit   'fast-deep-equal': [ '3.1.3' ],
46 silly audit   'follow-redirects': [ '1.15.3' ],
46 silly audit   'form-data': [ '4.0.0' ],
46 silly audit   'https-proxy-agent': [ '6.2.1' ],
46 silly audit   'is-utf8': [ '0.2.1' ],
46 silly audit   isexe: [ '2.0.0' ],
46 silly audit   kareem: [ '2.5.1' ],
46 silly audit   lodash: [ '4.17.21' ],
46 silly audit   'lodash.snakecase': [ '4.1.1' ],
46 silly audit   'magic-bytes.js': [ '1.7.0' ],
46 silly audit   'memory-pager': [ '1.5.0' ],
46 silly audit   'mime-db': [ '1.52.0' ],
46 silly audit   'mime-types': [ '2.1.35' ],
46 silly audit   mongodb: [ '6.2.0' ],
46 silly audit   'mongodb-connection-string-url': [ '2.6.0' ],
46 silly audit   mongoose: [ '8.0.3' ],
46 silly audit   mpath: [ '0.9.0' ],
46 silly audit   mquery: [ '5.0.0' ],
46 silly audit   node_extra_ca_certs_mozilla_bundle: [ '1.0.5' ],
46 silly audit   'path-key': [ '3.1.1' ],
46 silly audit   'proxy-from-env': [ '1.1.0' ],
46 silly audit   punycode: [ '2.3.1' ],
46 silly audit   'samp-query': [ '0.1.5' ],
46 silly audit   'shebang-command': [ '2.0.0' ],
46 silly audit   'shebang-regex': [ '3.0.0' ],
46 silly audit   sift: [ '16.0.1' ],
46 silly audit   'sparse-bitfield': [ '3.0.3' ],
46 silly audit   'strip-bom': [ '2.0.0' ],
46 silly audit   tr46: [ '3.0.0' ],
46 silly audit   'ts-mixer': [ '6.0.3' ],
46 silly audit   tslib: [ '2.6.2' ],
46 silly audit   undici: [ '5.27.2' ],
46 silly audit   'undici-types': [ '5.26.5' ],
46 silly audit   'webidl-conversions': [ '7.0.0' ],
46 silly audit   'whatwg-url': [ '11.0.0' ],
46 silly audit   which: [ '2.0.2' ],
46 silly audit   ws: [ '8.14.2' ]
46 silly audit }
47 timing reify:unpack Completed in 4ms
48 timing reify:unretire Completed in 38ms
49 timing build:queue Completed in 0ms
50 timing build:deps Completed in 1ms
51 timing build Completed in 1ms
52 timing reify:build Completed in 1ms
53 timing reify:trash Completed in 0ms
54 timing reify:save Completed in 48ms
55 http fetch POST 200 https://registry.npmjs.org/-/npm/v1/security/advisories/bulk 319ms
56 timing auditReport:getReport Completed in 323ms
57 silly audit report {
57 silly audit report   axios: [
57 silly audit report     {
57 silly audit report       id: 1094889,
57 silly audit report       url: 'https://github.com/advisories/GHSA-wf5p-g6vw-rhxx',
57 silly audit report       title: 'Axios Cross-Site Request Forgery Vulnerability',
57 silly audit report       severity: 'moderate',
57 silly audit report       vulnerable_versions: '>=0.8.1 <1.6.0',
57 silly audit report       cwe: [Array],
57 silly audit report       cvss: [Object]
57 silly audit report     }
57 silly audit report   ],
57 silly audit report   'follow-redirects': [
57 silly audit report     {
57 silly audit report       id: 1096353,
57 silly audit report       url: 'https://github.com/advisories/GHSA-jchw-25xp-jwwc',
57 silly audit report       title: 'Follow Redirects improperly handles URLs in the url.parse() function',
57 silly audit report       severity: 'moderate',
57 silly audit report       vulnerable_versions: '<1.15.4',
57 silly audit report       cwe: [Array],
57 silly audit report       cvss: [Object]
57 silly audit report     }
57 silly audit report   ]
57 silly audit report }
58 timing metavuln:cache:get:security-advisory:follow-redirects:jg0VmBuYg0rFvpkG3wK2nkx/yTpb1zmGLVl2eFwdShSNm11ekkwkWcvLLCcHYAvNL4IcTZ2Yt/Gv7gSI5zO32A== Completed in 9ms
59 timing metavuln:cache:get:security-advisory:axios:Jphyrph0xSBoV7rAKQ5sxe+Zizq65vm72MJltviDtKidjsZwX/gC36j+hz03tZ86vHMEkACxqA4FcmoDJt5vmg== Completed in 11ms
60 http fetch GET 200 https://registry.npmjs.org/axios 20ms (cache hit)
61 timing metavuln:packument:axios Completed in 25ms
62 timing metavuln:load:security-advisory:axios:1094889 Completed in 2ms
63 timing metavuln:calculate:security-advisory:axios:1094889 Completed in 28ms
64 http fetch GET 200 https://registry.npmjs.org/follow-redirects 26ms (cache hit)
65 timing metavuln:packument:follow-redirects Completed in 28ms
66 timing metavuln:load:security-advisory:follow-redirects:1096353 Completed in 1ms
67 timing metavuln:calculate:security-advisory:follow-redirects:1096353 Completed in 29ms
68 timing metavuln:cache:get:security-advisory:@kreisler/js-google-translate-free:w36CxpLFdsjKKBQGlAwVO69vYDNDU+uTLNE2sWdvVVV4cPMMI+9iAsTmCzSdXxi5KoQjhbiPy6O3bpmEuUr8Kw== Completed in 29ms
69 timing metavuln:cache:get:security-advisory:aki-api:XuSKh+4BcGrEROpP1N5I00xSJvfyB1Z5D/K1NtOilteiNZ5aZilxNUtaNDwjbCbgyMaiyvPZq5nFP9FlZQkMuQ== Completed in 28ms
70 timing metavuln:cache:get:security-advisory:node_extra_ca_certs_mozilla_bundle:npEDmOJFM8CMPnEROIzA3Aki2dGboPu6vemm6+paOEd4LrUpXsHRpncUlLjXrkZ8GqxIpDSTP3SIAWXEByoQtw== Completed in 28ms
71 http fetch GET 200 https://registry.npmjs.org/@kreisler%2fjs-google-translate-free 38ms (cache hit)
72 timing metavuln:packument:@kreisler/js-google-translate-free Completed in 38ms
73 timing metavuln:load:security-advisory:@kreisler/js-google-translate-free:Jphyrph0xSBoV7rAKQ5sxe+Zizq65vm72MJltviDtKidjsZwX/gC36j+hz03tZ86vHMEkACxqA4FcmoDJt5vmg== Completed in 0ms
74 timing metavuln:calculate:security-advisory:@kreisler/js-google-translate-free:Jphyrph0xSBoV7rAKQ5sxe+Zizq65vm72MJltviDtKidjsZwX/gC36j+hz03tZ86vHMEkACxqA4FcmoDJt5vmg== Completed in 40ms
75 http fetch GET 200 https://registry.npmjs.org/aki-api 38ms (cache hit)
76 timing metavuln:packument:aki-api Completed in 40ms
77 timing metavuln:load:security-advisory:aki-api:Jphyrph0xSBoV7rAKQ5sxe+Zizq65vm72MJltviDtKidjsZwX/gC36j+hz03tZ86vHMEkACxqA4FcmoDJt5vmg== Completed in 0ms
78 timing metavuln:calculate:security-advisory:aki-api:Jphyrph0xSBoV7rAKQ5sxe+Zizq65vm72MJltviDtKidjsZwX/gC36j+hz03tZ86vHMEkACxqA4FcmoDJt5vmg== Completed in 40ms
79 http fetch GET 200 https://registry.npmjs.org/node_extra_ca_certs_mozilla_bundle 40ms (cache hit)
80 timing metavuln:packument:node_extra_ca_certs_mozilla_bundle Completed in 41ms
81 timing metavuln:load:security-advisory:node_extra_ca_certs_mozilla_bundle:Jphyrph0xSBoV7rAKQ5sxe+Zizq65vm72MJltviDtKidjsZwX/gC36j+hz03tZ86vHMEkACxqA4FcmoDJt5vmg== Completed in 0ms
82 timing metavuln:calculate:security-advisory:node_extra_ca_certs_mozilla_bundle:Jphyrph0xSBoV7rAKQ5sxe+Zizq65vm72MJltviDtKidjsZwX/gC36j+hz03tZ86vHMEkACxqA4FcmoDJt5vmg== Completed in 41ms
83 timing metavuln:cache:get:security-advisory:axios:6FM9PhfJw5vbHJTRjXs/VQZTFU51ugCLixAa273gUOTlL/0ZdQ/yItjH9/V0+Ju8EzJZ4OzfL8R7BsgLWMEdfg== Completed in 2ms
84 timing metavuln:load:security-advisory:axios:jg0VmBuYg0rFvpkG3wK2nkx/yTpb1zmGLVl2eFwdShSNm11ekkwkWcvLLCcHYAvNL4IcTZ2Yt/Gv7gSI5zO32A== Completed in 0ms
85 timing metavuln:calculate:security-advisory:axios:jg0VmBuYg0rFvpkG3wK2nkx/yTpb1zmGLVl2eFwdShSNm11ekkwkWcvLLCcHYAvNL4IcTZ2Yt/Gv7gSI5zO32A== Completed in 3ms
86 timing metavuln:cache:get:security-advisory:discord.js-akinator:CqPWTFuENLImXI4AykNXcs6+PioIVOHIvc63+Tm5+e0xRhFwwpfyPCe5HagN5IE0+kBrDKC1P0lboJy+/C7A1Q== Completed in 7ms
87 http fetch GET 200 https://registry.npmjs.org/discord.js-akinator 11ms (cache hit)
88 timing metavuln:packument:discord.js-akinator Completed in 12ms
89 timing metavuln:load:security-advisory:discord.js-akinator:w36CxpLFdsjKKBQGlAwVO69vYDNDU+uTLNE2sWdvVVV4cPMMI+9iAsTmCzSdXxi5KoQjhbiPy6O3bpmEuUr8Kw== Completed in 10ms
90 timing metavuln:calculate:security-advisory:discord.js-akinator:w36CxpLFdsjKKBQGlAwVO69vYDNDU+uTLNE2sWdvVVV4cPMMI+9iAsTmCzSdXxi5KoQjhbiPy6O3bpmEuUr8Kw== Completed in 22ms
91 timing metavuln:cache:get:security-advisory:aki-api:3dhgA2kao6BCGXiLSdeN/6it/fYDcW1MiEXk1yXiDCZkQo0XEgkIY2M4xty/pTxKDqnfkFWLa+0IXUalY9EWWg== Completed in 1ms
92 timing metavuln:load:security-advisory:aki-api:npEDmOJFM8CMPnEROIzA3Aki2dGboPu6vemm6+paOEd4LrUpXsHRpncUlLjXrkZ8GqxIpDSTP3SIAWXEByoQtw== Completed in 0ms
93 timing metavuln:calculate:security-advisory:aki-api:npEDmOJFM8CMPnEROIzA3Aki2dGboPu6vemm6+paOEd4LrUpXsHRpncUlLjXrkZ8GqxIpDSTP3SIAWXEByoQtw== Completed in 1ms
94 timing auditReport:init Completed in 157ms
95 timing reify:audit Completed in 481ms
96 timing reify Completed in 671ms
97 timing command:install Completed in 689ms
98 verbose exit 0
99 timing npm Completed in 1264ms
100 info ok
